<?xml version="1.0" encoding="UTF-8"?>
<!-- Generated by org.testng.reporters.JUnitReportReporter -->
<testsuite skipped="2" hostname="L-J1Z6152" name="testcases.ExecuteTest" tests="3" failures="0" timestamp="2020-08-11T13:01:10 GMT+05:30" time="8.570" errors="1">
  <testcase name="configForWebpageLaunch" time="8.570" classname="testcases.ExecuteTest">
    <error type="org.openqa.selenium.SessionNotCreatedException" message="session not created
from tab crashed
  (Session info: chrome=84.0.4147.125)
Build info: version: &#039;3.141.59&#039;, revision: &#039;e82be7d358&#039;, time: &#039;2018-11-14T08:17:03&#039;
System info: host: &#039;L-J1Z6152&#039;, ip: &#039;192.168.0.118&#039;, os.name: &#039;Windows 10&#039;, os.arch: &#039;amd64&#039;, os.version: &#039;10.0&#039;, java.version: &#039;1.8.0_241&#039;
Driver info: driver.version: ChromeDriver
remote stacktrace: Backtrace:
	Ordinal0 [0x010B87E3+2852835]
	Ordinal0 [0x00FA5BB1+1727409]
	Ordinal0 [0x00E7E362+516962]
	Ordinal0 [0x00E769A1+485793]
	Ordinal0 [0x00E7656C+484716]
	Ordinal0 [0x00E75E98+482968]
	Ordinal0 [0x00E752D1+479953]
	Ordinal0 [0x00E75515+480533]
	Ordinal0 [0x00E74F45+479045]
	Ordinal0 [0x00E7D225+512549]
	Ordinal0 [0x00E74F02+478978]
	Ordinal0 [0x00E75B19+482073]
	Ordinal0 [0x00E752D1+479953]
	Ordinal0 [0x00E75515+480533]
	Ordinal0 [0x00E74F45+479045]
	Ordinal0 [0x00E7BA6E+506478]
	Ordinal0 [0x00E74F02+478978]
	Ordinal0 [0x00E75B19+482073]
	Ordinal0 [0x00E752D1+479953]
	Ordinal0 [0x00E75515+480533]
	Ordinal0 [0x00E74F45+479045]
	Ordinal0 [0x00E79FC6+499654]
	Ordinal0 [0x00E74F02+478978]
	Ordinal0 [0x00E75B19+482073]
	Ordinal0 [0x00E752D1+479953]
	Ordinal0 [0x00E75515+480533]
	Ordinal0 [0x00E74F45+479045]
	Ordinal0 [0x00E79587+497031]
	Ordinal0 [0x00E74F02+478978]
	Ordinal0 [0x00E75B19+482073]
	Ordinal0 [0x00E752D1+479953]
	Ordinal0 [0x00E75515+480533]
	Ordinal0 [0x00E74F45+479045]
	Ordinal0 [0x00E716BC+464572]
	Ordinal0 [0x00E74F02+478978]
	Ordinal0 [0x00E74E57+478807]
	Ordinal0 [0x00E7F300+520960]
	Ordinal0 [0x00E2E489+189577]
	Ordinal0 [0x00E2D7FD+186365]
	Ordinal0 [0x00E2B70B+177931]
	Ordinal0 [0x00E12584+75140]
	Ordinal0 [0x00E13650+79440]
	Ordinal0 [0x00E135E9+79337]
	Ordinal0 [0x00FBAD5C+1813852]
	GetHandleVerifier [0x011DC616+1075574]
	GetHandleVerifier [0x011DC367+1074887]
	GetHandleVerifier [0x011E7497+1120247]
	GetHandleVerifier [0x011DCC16+1077110]
	Ordinal0 [0x00FB3206+1782278]
	Ordinal0 [0x00FBC3BB+1819579]
	Ordinal0 [0x00FBC523+1819939]
	Ordinal0 [0x00FD2B45+1911621]
	BaseThreadInitThunk [0x756F6359+25]
	RtlGetAppContainerNamedObjectPath [0x772E7B74+228]
	RtlGetAppContainerNamedObjectPath [0x772E7B44+180]
">
      <![CDATA[org.openqa.selenium.SessionNotCreatedException: session not created
from tab crashed
  (Session info: chrome=84.0.4147.125)
Build info: version: '3.141.59', revision: 'e82be7d358', time: '2018-11-14T08:17:03'
System info: host: 'L-J1Z6152', ip: '192.168.0.118', os.name: 'Windows 10', os.arch: 'amd64', os.version: '10.0', java.version: '1.8.0_241'
Driver info: driver.version: ChromeDriver
remote stacktrace: Backtrace:
Ordinal0 [0x010B87E3+2852835]
Ordinal0 [0x00FA5BB1+1727409]
Ordinal0 [0x00E7E362+516962]
Ordinal0 [0x00E769A1+485793]
Ordinal0 [0x00E7656C+484716]
Ordinal0 [0x00E75E98+482968]
Ordinal0 [0x00E752D1+479953]
Ordinal0 [0x00E75515+480533]
Ordinal0 [0x00E74F45+479045]
Ordinal0 [0x00E7D225+512549]
Ordinal0 [0x00E74F02+478978]
Ordinal0 [0x00E75B19+482073]
Ordinal0 [0x00E752D1+479953]
Ordinal0 [0x00E75515+480533]
Ordinal0 [0x00E74F45+479045]
Ordinal0 [0x00E7BA6E+506478]
Ordinal0 [0x00E74F02+478978]
Ordinal0 [0x00E75B19+482073]
Ordinal0 [0x00E752D1+479953]
Ordinal0 [0x00E75515+480533]
Ordinal0 [0x00E74F45+479045]
Ordinal0 [0x00E79FC6+499654]
Ordinal0 [0x00E74F02+478978]
Ordinal0 [0x00E75B19+482073]
Ordinal0 [0x00E752D1+479953]
Ordinal0 [0x00E75515+480533]
Ordinal0 [0x00E74F45+479045]
Ordinal0 [0x00E79587+497031]
Ordinal0 [0x00E74F02+478978]
Ordinal0 [0x00E75B19+482073]
Ordinal0 [0x00E752D1+479953]
Ordinal0 [0x00E75515+480533]
Ordinal0 [0x00E74F45+479045]
Ordinal0 [0x00E716BC+464572]
Ordinal0 [0x00E74F02+478978]
Ordinal0 [0x00E74E57+478807]
Ordinal0 [0x00E7F300+520960]
Ordinal0 [0x00E2E489+189577]
Ordinal0 [0x00E2D7FD+186365]
Ordinal0 [0x00E2B70B+177931]
Ordinal0 [0x00E12584+75140]
Ordinal0 [0x00E13650+79440]
Ordinal0 [0x00E135E9+79337]
Ordinal0 [0x00FBAD5C+1813852]
GetHandleVerifier [0x011DC616+1075574]
GetHandleVerifier [0x011DC367+1074887]
GetHandleVerifier [0x011E7497+1120247]
GetHandleVerifier [0x011DCC16+1077110]
Ordinal0 [0x00FB3206+1782278]
Ordinal0 [0x00FBC3BB+1819579]
Ordinal0 [0x00FBC523+1819939]
Ordinal0 [0x00FD2B45+1911621]
BaseThreadInitThunk [0x756F6359+25]
RtlGetAppContainerNamedObjectPath [0x772E7B74+228]
RtlGetAppContainerNamedObjectPath [0x772E7B44+180]

at sun.reflect.NativeConstructorAccessorImpl.newInstance0(Native Method)
at sun.reflect.NativeConstructorAccessorImpl.newInstance(NativeConstructorAccessorImpl.java:62)
at sun.reflect.DelegatingConstructorAccessorImpl.newInstance(DelegatingConstructorAccessorImpl.java:45)
at java.lang.reflect.Constructor.newInstance(Constructor.java:423)
at org.openqa.selenium.remote.W3CHandshakeResponse.lambda$errorHandler$0(W3CHandshakeResponse.java:62)
at org.openqa.selenium.remote.HandshakeResponse.lambda$getResponseFunction$0(HandshakeResponse.java:30)
at org.openqa.selenium.remote.ProtocolHandshake.lambda$createSession$0(ProtocolHandshake.java:126)
at java.util.stream.ReferencePipeline$3$1.accept(ReferencePipeline.java:193)
at java.util.Spliterators$ArraySpliterator.tryAdvance(Spliterators.java:958)
at java.util.stream.ReferencePipeline.forEachWithCancel(ReferencePipeline.java:126)
at java.util.stream.AbstractPipeline.copyIntoWithCancel(AbstractPipeline.java:499)
at java.util.stream.AbstractPipeline.copyInto(AbstractPipeline.java:486)
at java.util.stream.AbstractPipeline.wrapAndCopyInto(AbstractPipeline.java:472)
at java.util.stream.FindOps$FindOp.evaluateSequential(FindOps.java:152)
at java.util.stream.AbstractPipeline.evaluate(AbstractPipeline.java:234)
at java.util.stream.ReferencePipeline.findFirst(ReferencePipeline.java:464)
at org.openqa.selenium.remote.ProtocolHandshake.createSession(ProtocolHandshake.java:128)
at org.openqa.selenium.remote.ProtocolHandshake.createSession(ProtocolHandshake.java:74)
at org.openqa.selenium.remote.HttpCommandExecutor.execute(HttpCommandExecutor.java:136)
at org.openqa.selenium.remote.service.DriverCommandExecutor.execute(DriverCommandExecutor.java:83)
at org.openqa.selenium.remote.RemoteWebDriver.execute(RemoteWebDriver.java:552)
at org.openqa.selenium.remote.RemoteWebDriver.startSession(RemoteWebDriver.java:213)
at org.openqa.selenium.remote.RemoteWebDriver.<init>(RemoteWebDriver.java:131)
at org.openqa.selenium.chrome.ChromeDriver.<init>(ChromeDriver.java:181)
at org.openqa.selenium.chrome.ChromeDriver.<init>(ChromeDriver.java:168)
at org.openqa.selenium.chrome.ChromeDriver.<init>(ChromeDriver.java:123)
at Base.TestBase.instantiateDriver(TestBase.java:59)
at testcases.ExecuteTest.configForWebpageLaunch(ExecuteTest.java:32)
at sun.reflect.NativeMethodAccessorImpl.invoke0(Native Method)
at sun.reflect.NativeMethodAccessorImpl.invoke(NativeMethodAccessorImpl.java:62)
at sun.reflect.DelegatingMethodAccessorImpl.invoke(DelegatingMethodAccessorImpl.java:43)
at java.lang.reflect.Method.invoke(Method.java:498)
at org.testng.internal.MethodInvocationHelper.invokeMethod(MethodInvocationHelper.java:133)
at org.testng.internal.MethodInvocationHelper.invokeMethodConsideringTimeout(MethodInvocationHelper.java:62)
at org.testng.internal.ConfigInvoker.invokeConfigurationMethod(ConfigInvoker.java:340)
at org.testng.internal.ConfigInvoker.invokeConfigurations(ConfigInvoker.java:294)
at org.testng.internal.TestInvoker.runConfigMethods(TestInvoker.java:683)
at org.testng.internal.TestInvoker.invokeMethod(TestInvoker.java:510)
at org.testng.internal.TestInvoker.invokeTestMethod(TestInvoker.java:172)
at org.testng.internal.MethodRunner.runInSequence(MethodRunner.java:46)
at org.testng.internal.TestInvoker$MethodInvocationAgent.invoke(TestInvoker.java:804)
at org.testng.internal.TestInvoker.invokeTestMethods(TestInvoker.java:145)
at org.testng.internal.TestMethodWorker.invokeTestMethods(TestMethodWorker.java:146)
at org.testng.internal.TestMethodWorker.run(TestMethodWorker.java:128)
at java.util.ArrayList.forEach(ArrayList.java:1257)
at org.testng.TestRunner.privateRun(TestRunner.java:770)
at org.testng.TestRunner.run(TestRunner.java:591)
at org.testng.SuiteRunner.runTest(SuiteRunner.java:402)
at org.testng.SuiteRunner.runSequentially(SuiteRunner.java:396)
at org.testng.SuiteRunner.privateRun(SuiteRunner.java:355)
at org.testng.SuiteRunner.run(SuiteRunner.java:304)
at org.testng.SuiteRunnerWorker.runSuite(SuiteRunnerWorker.java:53)
at org.testng.SuiteRunnerWorker.run(SuiteRunnerWorker.java:96)
at org.testng.TestNG.runSuitesSequentially(TestNG.java:1180)
at org.testng.TestNG.runSuitesLocally(TestNG.java:1102)
at org.testng.TestNG.runSuites(TestNG.java:1032)
at org.testng.TestNG.run(TestNG.java:1000)
at org.testng.remote.AbstractRemoteTestNG.run(AbstractRemoteTestNG.java:115)
at org.testng.remote.RemoteTestNG.initAndRun(RemoteTestNG.java:251)
at org.testng.remote.RemoteTestNG.main(RemoteTestNG.java:77)
]]>
    </error>
  </testcase> <!-- configForWebpageLaunch -->
  <testcase name="VerifyHumidity" time="0.000" classname="testcases.ExecuteTest">
    <skipped/>
  </testcase> <!-- VerifyHumidity -->
  <testcase name="VerifyTemperatureInCelcius" time="0.000" classname="testcases.ExecuteTest">
    <skipped/>
  </testcase> <!-- VerifyTemperatureInCelcius -->
</testsuite> <!-- testcases.ExecuteTest -->
